c:\users\p4100172\desktop\rtg\trunk\scenemodel\lib\win32\v120\debug\scenemodel.pdb
c:\users\p4100172\desktop\rtg\trunk\scenemodel\build\debug\spotlight.obj
c:\users\p4100172\desktop\rtg\trunk\scenemodel\build\debug\pointlight.obj
c:\users\p4100172\desktop\rtg\trunk\scenemodel\build\debug\mesh.obj
c:\users\p4100172\desktop\rtg\trunk\scenemodel\build\debug\material.obj
c:\users\p4100172\desktop\rtg\trunk\scenemodel\build\debug\instance.obj
c:\users\p4100172\desktop\rtg\trunk\scenemodel\build\debug\geometrybuilder.obj
c:\users\p4100172\desktop\rtg\trunk\scenemodel\build\debug\directionallight.obj
c:\users\p4100172\desktop\rtg\trunk\scenemodel\build\debug\context.obj
c:\users\p4100172\desktop\rtg\trunk\scenemodel\build\debug\camera.obj
c:\users\nathan\desktop\rtg\scenemodel\lib\win32\v120\debug\scenemodel.pdb
c:\users\nathan\desktop\rtg\scenemodel\build\debug\spotlight.obj
c:\users\nathan\desktop\rtg\scenemodel\build\debug\pointlight.obj
c:\users\nathan\desktop\rtg\scenemodel\build\debug\mesh.obj
c:\users\nathan\desktop\rtg\scenemodel\build\debug\material.obj
c:\users\nathan\desktop\rtg\scenemodel\build\debug\instance.obj
c:\users\nathan\desktop\rtg\scenemodel\build\debug\geometrybuilder.obj
c:\users\nathan\desktop\rtg\scenemodel\build\debug\directionallight.obj
c:\users\nathan\desktop\rtg\scenemodel\build\debug\context.obj
c:\users\nathan\desktop\rtg\scenemodel\build\debug\camera.obj
c:\users\p4100172\desktop\rtg\trunk\scenemodel\lib\win32\v120\debug\scenemodel.lib
c:\users\nathan\desktop\rtg\scenemodel\lib\win32\v120\debug\scenemodel.lib
c:\users\nathan\desktop\rtg\scenemodel\build\debug\scenemodel.tlog\cl.command.1.tlog
c:\users\nathan\desktop\rtg\scenemodel\build\debug\scenemodel.tlog\cl.read.1.tlog
c:\users\nathan\desktop\rtg\scenemodel\build\debug\scenemodel.tlog\cl.write.1.tlog
c:\users\nathan\desktop\rtg\scenemodel\build\debug\scenemodel.tlog\lib-link.read.1.tlog
c:\users\nathan\desktop\rtg\scenemodel\build\debug\scenemodel.tlog\lib-link.write.1.tlog
c:\users\nathan\desktop\rtg\scenemodel\build\debug\scenemodel.tlog\lib.command.1.tlog
