Build started 26/01/2016 10:23:07.
     1>Project "C:\Users\m2087350\Desktop\defer\trunk\tygra\tygra.vcxproj" on node 2 (Build target(s)).
     1>Lib:
         tygra.vcxproj -> C:\Users\m2087350\Desktop\defer\trunk\tygra\lib\Win32\v120\Debug\tygra.lib
       PostBuildEvent:
         xcopy /E /S /I /Y "doc" "C:\Users\m2087350\Desktop\defer\trunk\external\doc"
         xcopy /E /S /I /Y "include" "C:\Users\m2087350\Desktop\defer\trunk\external\include"
         xcopy /E /S /I /Y "lib" "C:\Users\m2087350\Desktop\defer\trunk\external\lib"
         :VCEnd
         File not found - doc
         0 File(s) copied
         include\tygra\FileHelper.hpp
         include\tygra\Image.hpp
         include\tygra\Window.hpp
         include\tygra\WindowControlDelegate.hpp
         include\tygra\WindowViewDelegate.hpp
         5 File(s) copied
         lib\Win32\v120\Debug\tygra.lib
         lib\Win32\v120\Debug\tygra.pdb
         2 File(s) copied
     1>Done Building Project "C:\Users\m2087350\Desktop\defer\trunk\tygra\tygra.vcxproj" (Build target(s)).

Build succeeded.

Time Elapsed 00:00:00.12
