Build started 20/04/2016 23:05:35.
     1>Project "C:\Users\nathan\Desktop\RTG\DeferMySponza\DeferMySponza.vcxproj" on node 2 (Build target(s)).
     1>ClCompile:
         C:\Program Files (x86)\Microsoft Visual Studio 12.0\VC\bin\CL.exe /c /IC:\Users\nathan\Desktop\RTG\external/include /ZI /nologo /W3 /WX- /Od /Oy- /D WIN32 /D _DEBUG /D _CONSOLE /D _LIB /D _UNICODE /D UNICODE /EHsc /RTC1 /MTd /GS /fp:precise /Zc:wchar_t /Zc:forScope /Fo"build\Debug\\" /Fd"build\Debug\vc120.pdb" /Gd /TP /analyze- /errorReport:prompt MyView.cpp
         MyView.cpp
         No target GL version declared, defaulting to GL 3.3
     1>c:\users\nathan\desktop\rtg\defermysponza\myview.cpp(252): warning C4018: '>' : signed/unsigned mismatch
     1>c:\users\nathan\desktop\rtg\defermysponza\myview.cpp(254): warning C4018: '>' : signed/unsigned mismatch
     1>c:\users\nathan\desktop\rtg\defermysponza\myview.cpp(256): warning C4018: '>' : signed/unsigned mismatch
     1>c:\users\nathan\desktop\rtg\defermysponza\myview.cpp(714): warning C4018: '<' : signed/unsigned mismatch
     1>c:\users\nathan\desktop\rtg\defermysponza\myview.cpp(717): warning C4018: '<' : signed/unsigned mismatch
       Link:
         C:\Program Files (x86)\Microsoft Visual Studio 12.0\VC\bin\link.exe /ERRORREPORT:PROMPT /OUT:"build\Debug\DeferMySponza.exe" /INCREMENTAL /NOLOGO /LIBPATH:C:\Users\nathan\Desktop\RTG\external\lib\Win32\v120\Debug scenemodel.lib tcf.lib tsl.lib tygra.lib tgl.lib glfw.lib png.lib zlib.lib opengl32.lib kernel32.lib user32.lib gdi32.lib winspool.lib comdlg32.lib advapi32.lib shell32.lib ole32.lib oleaut32.lib uuid.lib odbc32.lib odbccp32.lib /MANIFEST /MANIFESTUAC:"level='asInvoker' uiAccess='false'" /manifest:embed /DEBUG /PDB:"build\Debug\DeferMySponza.pdb" /SUBSYSTEM:CONSOLE /TLBID:1 /DYNAMICBASE /NXCOMPAT /IMPLIB:"build\Debug\DeferMySponza.lib" /MACHINE:X86 build\Debug\main.obj
         build\Debug\MyController.obj
         build\Debug\MyView.obj
         DeferMySponza.vcxproj -> C:\Users\nathan\Desktop\RTG\DeferMySponza\build\Debug\DeferMySponza.exe
       PostBuildEvent:
         xcopy /E /S /I /Y "doc" "C:\Users\nathan\Desktop\RTG\demo"
         xcopy /E /S /I /Y "demo" "C:\Users\nathan\Desktop\RTG\demo"
         xcopy /Y "C:\Users\nathan\Desktop\RTG\DeferMySponza\build\Debug\DeferMySponza.exe" "C:\Users\nathan\Desktop\RTG\demo"
         :VCEnd
         File not found - doc
         0 File(s) copied
         0 File(s) copied
         File not found - demo
         C:\Users\nathan\Desktop\RTG\DeferMySponza\build\Debug\DeferMySponza.exe
         1 File(s) copied
     1>Done Building Project "C:\Users\nathan\Desktop\RTG\DeferMySponza\DeferMySponza.vcxproj" (Build target(s)).

Build succeeded.

Time Elapsed 00:00:01.53
